<?xml version="1.0" encoding="UTF-8"?>
<!-- Generated by org.testng.reporters.JUnitReportReporter -->
<testsuite skipped="0" hostname="GISB-041" name="com.coel.qa.testCases.LoginPageTest" tests="5" failures="0" timestamp="07 Jan 2019 08:07:56 GMT" time="258.066" errors="0">
  <testcase name="loginPageTitleTest" time="33.530" classname="com.coel.qa.testCases.LoginPageTest"/>
  <testcase name="loginTest" time="40.116" classname="com.coel.qa.testCases.LoginPageTest"/>
  <testcase name="loginTestInvalidCredentials" time="33.156" classname="com.coel.qa.testCases.LoginPageTest"/>
  <testcase name="loginTestInvalidPwd" time="113.490" classname="com.coel.qa.testCases.LoginPageTest"/>
  <testcase name="loginTestEmptyCred" time="37.774" classname="com.coel.qa.testCases.LoginPageTest"/>
</testsuite> <!-- com.coel.qa.testCases.LoginPageTest -->
