<?xml version="1.0" encoding="UTF-8"?>
<!-- Generated by org.testng.reporters.JUnitReportReporter -->
<testsuite skipped="0" hostname="GISB-041" name="com.coel.qa.testCases.Testing" tests="1" failures="0" timestamp="28 Nov 2018 10:28:40 GMT" time="4.017" errors="0">
  <testcase name="url" time="4.017" classname="com.coel.qa.testCases.Testing"/>
</testsuite> <!-- com.coel.qa.testCases.Testing -->
